1674549326603	geckodriver	INFO	Listening on 127.0.0.1:53451
1674549326603	geckodriver	INFO	Listening on 127.0.0.1:49323
1674549326603	geckodriver	INFO	Listening on 127.0.0.1:51075
1674549326603	geckodriver	INFO	Listening on 127.0.0.1:52827
1674549326604	geckodriver	INFO	Listening on 127.0.0.1:34721
1674549326609	geckodriver	INFO	Listening on 127.0.0.1:55591
1674549326609	geckodriver	INFO	Listening on 127.0.0.1:33539
1674549326618	geckodriver	INFO	Listening on 127.0.0.1:39445
1674549326632	geckodriver	INFO	Listening on 127.0.0.1:59553
1674549326644	geckodriver	INFO	Listening on 127.0.0.1:53091
1674549326656	mozrunner::runner	INFO	Running command: "/usr/bin/firefox" "--marionette" "--remote-debugging-port" "57743" "--remote-allow-hosts" "localhost" "-no-remote" "-profile" "/tmp/rust_mozprofile46U7Fp"
1674549326656	mozrunner::runner	INFO	Running command: "/usr/bin/firefox" "--marionette" "--remote-debugging-port" "60563" "--remote-allow-hosts" "localhost" "-no-remote" "-profile" "/tmp/rust_mozprofileP8NxHF"
1674549326656	mozrunner::runner	INFO	Running command: "/usr/bin/firefox" "--marionette" "--remote-debugging-port" "58273" "--remote-allow-hosts" "localhost" "-no-remote" "-profile" "/tmp/rust_mozprofile0T1Fxt"
1674549326659	geckodriver	INFO	Listening on 127.0.0.1:57901
1674549326660	mozrunner::runner	INFO	Running command: "/usr/bin/firefox" "--marionette" "--remote-debugging-port" "55301" "--remote-allow-hosts" "localhost" "-no-remote" "-profile" "/tmp/rust_mozprofileYGIYBO"
1674549326665	mozrunner::runner	INFO	Running command: "/usr/bin/firefox" "--marionette" "--remote-debugging-port" "53891" "--remote-allow-hosts" "localhost" "-no-remote" "-profile" "/tmp/rust_mozprofileurncYF"
1674549326665	mozrunner::runner	INFO	Running command: "/usr/bin/firefox" "--marionette" "--remote-debugging-port" "51171" "--remote-allow-hosts" "localhost" "-no-remote" "-profile" "/tmp/rust_mozprofileTm6UaB"
1674549326672	geckodriver	INFO	Listening on 127.0.0.1:37249
1674549326673	geckodriver	INFO	Listening on 127.0.0.1:42363
1674549326677	geckodriver	INFO	Listening on 127.0.0.1:47081
1674549326680	geckodriver	INFO	Listening on 127.0.0.1:58417
1674549326685	mozrunner::runner	INFO	Running command: "/usr/bin/firefox" "--marionette" "--remote-debugging-port" "43927" "--remote-allow-hosts" "localhost" "-no-remote" "-profile" "/tmp/rust_mozprofiletU3Ke1"
1674549326700	mozrunner::runner	INFO	Running command: "/usr/bin/firefox" "--marionette" "--remote-debugging-port" "58813" "--remote-allow-hosts" "localhost" "-no-remote" "-profile" "/tmp/rust_mozprofileshz7Dc"
1674549326716	mozrunner::runner	INFO	Running command: "/usr/bin/firefox" "--marionette" "--remote-debugging-port" "40081" "--remote-allow-hosts" "localhost" "-no-remote" "-profile" "/tmp/rust_mozprofilep7m3Qt"
1674549326737	mozrunner::runner	INFO	Running command: "/usr/bin/firefox" "--marionette" "--remote-debugging-port" "39043" "--remote-allow-hosts" "localhost" "-no-remote" "-profile" "/tmp/rust_mozprofileNJsvnA"
1674549326744	mozrunner::runner	INFO	Running command: "/usr/bin/firefox" "--marionette" "--remote-debugging-port" "44631" "--remote-allow-hosts" "localhost" "-no-remote" "-profile" "/tmp/rust_mozprofileks912v"
1674549326744	mozrunner::runner	INFO	Running command: "/usr/bin/firefox" "--marionette" "--remote-debugging-port" "59935" "--remote-allow-hosts" "localhost" "-no-remote" "-profile" "/tmp/rust_mozprofileeQu7B6"
1674549326757	mozrunner::runner	INFO	Running command: "/usr/bin/firefox" "--marionette" "--remote-debugging-port" "52625" "--remote-allow-hosts" "localhost" "-no-remote" "-profile" "/tmp/rust_mozprofileCnFURG"
1674549326814	geckodriver	INFO	Listening on 127.0.0.1:55099
1674549327193	mozrunner::runner	INFO	Running command: "/usr/bin/firefox" "--marionette" "--remote-debugging-port" "51545" "--remote-allow-hosts" "localhost" "-no-remote" "-profile" "/tmp/rust_mozprofileu7vSIy"
1674549327262	mozrunner::runner	INFO	Running command: "/usr/bin/firefox" "--marionette" "--remote-debugging-port" "56855" "--remote-allow-hosts" "localhost" "-no-remote" "-profile" "/tmp/rust_mozprofilebjXyKU"
1674549327382	mozrunner::runner	INFO	Running command: "/usr/bin/firefox" "--marionette" "--remote-debugging-port" "53463" "--remote-allow-hosts" "localhost" "-no-remote" "-profile" "/tmp/rust_mozprofileyW2VLr"
Crash Annotation GraphicsCriticalError: |[0][GFX1-]: glxtest: VA-API test failed: failed to initialise VAAPI connection. (t=1.07865) [GFX1-]: glxtest: VA-API test failed: failed to initialise VAAPI connection.
Crash Annotation GraphicsCriticalError: |[0][GFX1-]: glxtest: VA-API test failed: failed to initialise VAAPI connection. (t=1.60733) [GFX1-]: glxtest: VA-API test failed: failed to initialise VAAPI connection.
Crash Annotation GraphicsCriticalError: |[0][GFX1-]: glxtest: VA-API test failed: failed to initialise VAAPI connection. (t=1.17487) [GFX1-]: glxtest: VA-API test failed: failed to initialise VAAPI connection.
ATTENTION: default value of option mesa_glthread overridden by environment.
Crash Annotation GraphicsCriticalError: |[0][GFX1-]: glxtest: VA-API test failed: failed to initialise VAAPI connection. (t=1.71148) [GFX1-]: glxtest: VA-API test failed: failed to initialise VAAPI connection.
Crash Annotation GraphicsCriticalError: |[0][GFX1-]: glxtest: VA-API test failed: failed to initialise VAAPI connection. (t=1.62781) [GFX1-]: glxtest: VA-API test failed: failed to initialise VAAPI connection.
Crash Annotation GraphicsCriticalError: |[0][GFX1-]: glxtest: VA-API test failed: failed to initialise VAAPI connection. (t=1.64486) [GFX1-]: glxtest: VA-API test failed: failed to initialise VAAPI connection.
Crash Annotation GraphicsCriticalError: |[0][GFX1-]: glxtest: VA-API test failed: failed to initialise VAAPI connection. (t=1.63867) [GFX1-]: glxtest: VA-API test failed: failed to initialise VAAPI connection.
Crash Annotation GraphicsCriticalError: |[0][GFX1-]: glxtest: VA-API test failed: failed to initialise VAAPI connection. (t=1.68009) [GFX1-]: glxtest: VA-API test failed: failed to initialise VAAPI connection.
Crash Annotation GraphicsCriticalError: |[0][GFX1-]: glxtest: VA-API test failed: failed to initialise VAAPI connection. (t=1.01264) [GFX1-]: glxtest: VA-API test failed: failed to initialise VAAPI connection.
Crash Annotation GraphicsCriticalError: |[0][GFX1-]: glxtest: VA-API test failed: failed to initialise VAAPI connection. (t=1.74215) [GFX1-]: glxtest: VA-API test failed: failed to initialise VAAPI connection.
Crash Annotation GraphicsCriticalError: |[0][GFX1-]: glxtest: VA-API test failed: failed to initialise VAAPI connection. (t=1.74682) [GFX1-]: glxtest: VA-API test failed: failed to initialise VAAPI connection.
Crash Annotation GraphicsCriticalError: |[0][GFX1-]: glxtest: VA-API test failed: failed to initialise VAAPI connection. (t=1.71651) [GFX1-]: glxtest: VA-API test failed: failed to initialise VAAPI connection.
ATTENTION: default value of option mesa_glthread overridden by environment.
Crash Annotation GraphicsCriticalError: |[0][GFX1-]: glxtest: VA-API test failed: failed to initialise VAAPI connection. (t=1.75814) [GFX1-]: glxtest: VA-API test failed: failed to initialise VAAPI connection.
ATTENTION: default value of option mesa_glthread overridden by environment.
ATTENTION: default value of option mesa_glthread overridden by environment.
ATTENTION: default value of option mesa_glthread overridden by environment.
ATTENTION: default value of option mesa_glthread overridden by environment.
ATTENTION: default value of option mesa_glthread overridden by environment.
Crash Annotation GraphicsCriticalError: |[0][GFX1-]: glxtest: VA-API test failed: failed to initialise VAAPI connection. (t=1.77538) [GFX1-]: glxtest: VA-API test failed: failed to initialise VAAPI connection.
ATTENTION: default value of option mesa_glthread overridden by environment.
ATTENTION: default value of option mesa_glthread overridden by environment.
ATTENTION: default value of option mesa_glthread overridden by environment.
Crash Annotation GraphicsCriticalError: |[0][GFX1-]: glxtest: VA-API test failed: failed to initialise VAAPI connection. (t=1.75283) [GFX1-]: glxtest: VA-API test failed: failed to initialise VAAPI connection.
Crash Annotation GraphicsCriticalError: |[0][GFX1-]: glxtest: VA-API test failed: failed to initialise VAAPI connection. (t=1.77719) [GFX1-]: glxtest: VA-API test failed: failed to initialise VAAPI connection.
ATTENTION: default value of option mesa_glthread overridden by environment.
ATTENTION: default value of option mesa_glthread overridden by environment.
ATTENTION: default value of option mesa_glthread overridden by environment.
ATTENTION: default value of option mesa_glthread overridden by environment.
ATTENTION: default value of option mesa_glthread overridden by environment.
ATTENTION: default value of option mesa_glthread overridden by environment.
1674549328460	Marionette	INFO	Marionette enabled
ATTENTION: default value of option mesa_glthread overridden by environment.
ATTENTION: default value of option mesa_glthread overridden by environment.
ATTENTION: default value of option mesa_glthread overridden by environment.
ATTENTION: default value of option mesa_glthread overridden by environment.
1674549328470	Marionette	INFO	Listening on port 36585
1674549328474	Marionette	INFO	Marionette enabled
1674549328475	Marionette	INFO	Marionette enabled
1674549328480	Marionette	INFO	Listening on port 39959
ATTENTION: default value of option mesa_glthread overridden by environment.
1674549328482	Marionette	INFO	Listening on port 34889
1674549328481	Marionette	INFO	Marionette enabled
1674549328483	Marionette	INFO	Marionette enabled
ATTENTION: default value of option mesa_glthread overridden by environment.
1674549328488	Marionette	INFO	Listening on port 41955
1674549328489	Marionette	INFO	Listening on port 45401
1674549328499	Marionette	INFO	Marionette enabled
ATTENTION: default value of option mesa_glthread overridden by environment.
ATTENTION: default value of option mesa_glthread overridden by environment.
ATTENTION: default value of option mesa_glthread overridden by environment.
1674549328505	Marionette	INFO	Listening on port 35687
ATTENTION: default value of option mesa_glthread overridden by environment.
ATTENTION: default value of option mesa_glthread overridden by environment.
1674549328514	Marionette	INFO	Marionette enabled
ATTENTION: default value of option mesa_glthread overridden by environment.
1674549328517	Marionette	INFO	Marionette enabled
ATTENTION: default value of option mesa_glthread overridden by environment.
1674549328520	Marionette	INFO	Listening on port 41639
1674549328521	Marionette	INFO	Marionette enabled
1674549328526	Marionette	INFO	Listening on port 33707
1674549328528	Marionette	INFO	Marionette enabled
ATTENTION: default value of option mesa_glthread overridden by environment.
ATTENTION: default value of option mesa_glthread overridden by environment.
1674549328533	Marionette	INFO	Listening on port 40561
1674549328535	Marionette	INFO	Marionette enabled
Read port: 34889
1674549328539	Marionette	INFO	Listening on port 44255
1674549328541	Marionette	INFO	Listening on port 39291
Read port: 39959
Read port: 39291
1674549328553	Marionette	INFO	Marionette enabled
1674549328553	Marionette	INFO	Marionette enabled
ATTENTION: default value of option mesa_glthread overridden by environment.
1674549328554	Marionette	INFO	Marionette enabled
Read port: 33707
Read port: 41639
Read port: 35687
1674549328559	Marionette	INFO	Listening on port 34263
1674549328560	Marionette	INFO	Listening on port 40699
1674549328561	Marionette	INFO	Listening on port 45805
Read port: 44255
Read port: 36585
ATTENTION: default value of option mesa_glthread overridden by environment.
Read port: 41955
1674549328568	Marionette	INFO	Marionette enabled
ATTENTION: default value of option mesa_glthread overridden by environment.
ATTENTION: default value of option mesa_glthread overridden by environment.
1674549328575	Marionette	INFO	Listening on port 45127
ATTENTION: default value of option mesa_glthread overridden by environment.
ATTENTION: default value of option mesa_glthread overridden by environment.
Read port: 45401
Read port: 40699
1674549328590	Marionette	INFO	Marionette enabled
ATTENTION: default value of option mesa_glthread overridden by environment.
1674549328597	Marionette	INFO	Listening on port 39879
Read port: 40561
Read port: 45805
Read port: 34263
ATTENTION: default value of option mesa_glthread overridden by environment.
ATTENTION: default value of option mesa_glthread overridden by environment.
ATTENTION: default value of option mesa_glthread overridden by environment.
ATTENTION: default value of option mesa_glthread overridden by environment.
Read port: 39879
ATTENTION: default value of option mesa_glthread overridden by environment.
Read port: 45127
ATTENTION: default value of option mesa_glthread overridden by environment.
ATTENTION: default value of option mesa_glthread overridden by environment.
ATTENTION: default value of option mesa_glthread overridden by environment.
ATTENTION: default value of option mesa_glthread overridden by environment.
WebDriver BiDi listening on ws://127.0.0.1:52625
ATTENTION: default value of option mesa_glthread overridden by environment.
WebDriver BiDi listening on ws://127.0.0.1:51171
WebDriver BiDi listening on ws://127.0.0.1:53463
WebDriver BiDi listening on ws://127.0.0.1:44631
WebDriver BiDi listening on ws://127.0.0.1:56855
WebDriver BiDi listening on ws://127.0.0.1:39043
WebDriver BiDi listening on ws://127.0.0.1:57743
WebDriver BiDi listening on ws://127.0.0.1:58273
WebDriver BiDi listening on ws://127.0.0.1:51545
WebDriver BiDi listening on ws://127.0.0.1:55301
WebDriver BiDi listening on ws://127.0.0.1:58813
1674549328816	RemoteAgent	WARN	TLS certificate errors will be ignored for this session
1674549328819	RemoteAgent	WARN	TLS certificate errors will be ignored for this session
1674549328831	RemoteAgent	WARN	TLS certificate errors will be ignored for this session
WebDriver BiDi listening on ws://127.0.0.1:40081
WebDriver BiDi listening on ws://127.0.0.1:53891
WebDriver BiDi listening on ws://127.0.0.1:60563
1674549328861	RemoteAgent	WARN	TLS certificate errors will be ignored for this session
1674549328861	RemoteAgent	WARN	TLS certificate errors will be ignored for this session
1674549328862	RemoteAgent	WARN	TLS certificate errors will be ignored for this session
1674549328865	RemoteAgent	WARN	TLS certificate errors will be ignored for this session
WebDriver BiDi listening on ws://127.0.0.1:59935
WebDriver BiDi listening on ws://127.0.0.1:43927
1674549328897	RemoteAgent	WARN	TLS certificate errors will be ignored for this session
1674549328906	RemoteAgent	WARN	TLS certificate errors will be ignored for this session
1674549328908	RemoteAgent	WARN	TLS certificate errors will be ignored for this session
1674549328942	RemoteAgent	WARN	TLS certificate errors will be ignored for this session
1674549328944	RemoteAgent	WARN	TLS certificate errors will be ignored for this session
1674549328949	RemoteAgent	WARN	TLS certificate errors will be ignored for this session
1674549328953	RemoteAgent	WARN	TLS certificate errors will be ignored for this session
1674549328965	RemoteAgent	WARN	TLS certificate errors will be ignored for this session
1674549328980	RemoteAgent	WARN	TLS certificate errors will be ignored for this session
console.warn: SearchSettings: "get: No settings file exists, new profile?" (new NotFoundError("Could not open the file at /tmp/rust_mozprofileTm6UaB/search.json.mozlz4", (void 0)))
console.warn: SearchSettings: "get: No settings file exists, new profile?" (new NotFoundError("Could not open the file at /tmp/rust_mozprofileu7vSIy/search.json.mozlz4", (void 0)))
console.warn: SearchSettings: "get: No settings file exists, new profile?" (new NotFoundError("Could not open the file at /tmp/rust_mozprofileks912v/search.json.mozlz4", (void 0)))
console.warn: SearchSettings: "get: No settings file exists, new profile?" (new NotFoundError("Could not open the file at /tmp/rust_mozprofilebjXyKU/search.json.mozlz4", (void 0)))
console.warn: SearchSettings: "get: No settings file exists, new profile?" (new NotFoundError("Could not open the file at /tmp/rust_mozprofileCnFURG/search.json.mozlz4", (void 0)))
console.warn: SearchSettings: "get: No settings file exists, new profile?" (new NotFoundError("Could not open the file at /tmp/rust_mozprofileYGIYBO/search.json.mozlz4", (void 0)))
console.warn: SearchSettings: "get: No settings file exists, new profile?" (new NotFoundError("Could not open the file at /tmp/rust_mozprofileyW2VLr/search.json.mozlz4", (void 0)))
console.warn: SearchSettings: "get: No settings file exists, new profile?" (new NotFoundError("Could not open the file at /tmp/rust_mozprofile46U7Fp/search.json.mozlz4", (void 0)))
console.warn: SearchSettings: "get: No settings file exists, new profile?" (new NotFoundError("Could not open the file at /tmp/rust_mozprofileNJsvnA/search.json.mozlz4", (void 0)))
console.warn: SearchSettings: "get: No settings file exists, new profile?" (new NotFoundError("Could not open the file at /tmp/rust_mozprofileshz7Dc/search.json.mozlz4", (void 0)))
console.warn: SearchSettings: "get: No settings file exists, new profile?" (new NotFoundError("Could not open the file at /tmp/rust_mozprofiletU3Ke1/search.json.mozlz4", (void 0)))
console.warn: SearchSettings: "get: No settings file exists, new profile?" (new NotFoundError("Could not open the file at /tmp/rust_mozprofileP8NxHF/search.json.mozlz4", (void 0)))
console.warn: SearchSettings: "get: No settings file exists, new profile?" (new NotFoundError("Could not open the file at /tmp/rust_mozprofile0T1Fxt/search.json.mozlz4", (void 0)))
console.warn: SearchSettings: "get: No settings file exists, new profile?" (new NotFoundError("Could not open the file at /tmp/rust_mozprofileurncYF/search.json.mozlz4", (void 0)))
console.warn: SearchSettings: "get: No settings file exists, new profile?" (new NotFoundError("Could not open the file at /tmp/rust_mozprofileeQu7B6/search.json.mozlz4", (void 0)))
console.warn: SearchSettings: "get: No settings file exists, new profile?" (new NotFoundError("Could not open the file at /tmp/rust_mozprofilep7m3Qt/search.json.mozlz4", (void 0)))
DevTools listening on ws://127.0.0.1:53463/devtools/browser/a32d6ed3-82f2-48f4-945f-671b1e67e488
DevTools listening on ws://127.0.0.1:40081/devtools/browser/919bf3fe-7469-4e96-a182-cede047ec8e8
DevTools listening on ws://127.0.0.1:44631/devtools/browser/594e4fd4-07bc-4f02-ac40-b97bd192eff9
DevTools listening on ws://127.0.0.1:52625/devtools/browser/ad3dbd70-e19f-4b60-af2c-a2033d3b3dab
DevTools listening on ws://127.0.0.1:51545/devtools/browser/ccb58771-892f-4f64-aadb-7d800e1e0f25
DevTools listening on ws://127.0.0.1:56855/devtools/browser/48c6858f-3ab2-43a7-88c4-9518eb7cf62b
Exiting due to channel error.
Exiting due to channel error.
Exiting due to channel error.
Exiting due to channel error.
Exiting due to channel error.
Exiting due to channel error.
Exiting due to channel error.
Exiting due to channel error.
Exiting due to channel error.
Exiting due to channel error.
Exiting due to channel error.
Exiting due to channel error.
Exiting due to channel error.
Exiting due to channel error.
Exiting due to channel error.
Exiting due to channel error.
Exiting due to channel error.
Exiting due to channel error.
Exiting due to channel error.
Exiting due to channel error.
Exiting due to channel error.
Exiting due to channel error.
Exiting due to channel error.
Exiting due to channel error.
Exiting due to channel error.
Exiting due to channel error.
Crash Annotation GraphicsCriticalError: |[C0][GFX1-]: Receive IPC close with reason=AbnormalShutdown (t=4.48198) Exiting due to channel error.
Exiting due to channel error.
Crash Annotation GraphicsCriticalError: |[C0][GFX1-]: Receive IPC close with reason=AbnormalShutdown (t=1.22621) Exiting due to channel error.
Exiting due to channel error.
Crash Annotation GraphicsCriticalError: |[C0][GFX1-]: Receive IPC close with reason=AbnormalShutdown (t=4.23635) Crash Annotation GraphicsCriticalError: |[C0][GFX1-]: Receive IPC close with reason=AbnormalShutdown (t=1.48931) Exiting due to channel error.
Crash Annotation GraphicsCriticalError: |[C0][GFX1-]: Receive IPC close with reason=AbnormalShutdown (t=3.67103) Exiting due to channel error.
Crash Annotation GraphicsCriticalError: |[C0][GFX1-]: Receive IPC close with reason=AbnormalShutdown (t=3.99415) Exiting due to channel error.
Crash Annotation GraphicsCriticalError: |[C0][GFX1-]: Receive IPC close with reason=AbnormalShutdown (t=4.15128) Crash Annotation GraphicsCriticalError: |[C0][GFX1-]: Receive IPC close with reason=AbnormalShutdown (t=3.90364) Exiting due to channel error.
Exiting due to channel error.
Exiting due to channel error.
Exiting due to channel error.
Exiting due to channel error.
Exiting due to channel error.
Exiting due to channel error.
Exiting due to channel error.
Exiting due to channel error.
Exiting due to channel error.
Exiting due to channel error.
Exiting due to channel error.
Exiting due to channel error.
Crash Annotation GraphicsCriticalError: |[C0][GFX1-]: Receive IPC close with reason=AbnormalShutdown (t=4.40554) 1674724574140	geckodriver	INFO	Listening on 127.0.0.1:38529
1674724574141	geckodriver	INFO	Listening on 127.0.0.1:57519
1674724574146	geckodriver	INFO	Listening on 127.0.0.1:52965
1674724574147	geckodriver	INFO	Listening on 127.0.0.1:46679
1674724574148	geckodriver	INFO	Listening on 127.0.0.1:50647
1674724574152	geckodriver	INFO	Listening on 127.0.0.1:37731
1674724574152	geckodriver	INFO	Listening on 127.0.0.1:45709
1674724574155	geckodriver	INFO	Listening on 127.0.0.1:57193
1674724574158	geckodriver	INFO	Listening on 127.0.0.1:50669
1674724574197	mozrunner::runner	INFO	Running command: "/usr/bin/firefox" "--marionette" "--remote-debugging-port" "45311" "--remote-allow-hosts" "localhost" "-no-remote" "-profile" "/tmp/rust_mozprofileVVj7nP"
1674724574199	geckodriver	INFO	Listening on 127.0.0.1:41737
1674724574202	mozrunner::runner	INFO	Running command: "/usr/bin/firefox" "--marionette" "--remote-debugging-port" "48447" "--remote-allow-hosts" "localhost" "-no-remote" "-profile" "/tmp/rust_mozprofileFPgiOI"
1674724574202	mozrunner::runner	INFO	Running command: "/usr/bin/firefox" "--marionette" "--remote-debugging-port" "47919" "--remote-allow-hosts" "localhost" "-no-remote" "-profile" "/tmp/rust_mozprofileS50OER"
1674724574203	mozrunner::runner	INFO	Running command: "/usr/bin/firefox" "--marionette" "--remote-debugging-port" "42765" "--remote-allow-hosts" "localhost" "-no-remote" "-profile" "/tmp/rust_mozprofileRWiDST"
1674724574211	mozrunner::runner	INFO	Running command: "/usr/bin/firefox" "--marionette" "--remote-debugging-port" "56803" "--remote-allow-hosts" "localhost" "-no-remote" "-profile" "/tmp/rust_mozprofileTnPALQ"
1674724574212	mozrunner::runner	INFO	Running command: "/usr/bin/firefox" "--marionette" "--remote-debugging-port" "47293" "--remote-allow-hosts" "localhost" "-no-remote" "-profile" "/tmp/rust_mozprofileyMl7Lw"
1674724574212	mozrunner::runner	INFO	Running command: "/usr/bin/firefox" "--marionette" "--remote-debugging-port" "47007" "--remote-allow-hosts" "localhost" "-no-remote" "-profile" "/tmp/rust_mozprofileFrDQWL"
1674724574215	mozrunner::runner	INFO	Running command: "/usr/bin/firefox" "--marionette" "--remote-debugging-port" "58001" "--remote-allow-hosts" "localhost" "-no-remote" "-profile" "/tmp/rust_mozprofileqSv70H"
1674724574262	mozrunner::runner	INFO	Running command: "/usr/bin/firefox" "--marionette" "--remote-debugging-port" "59859" "--remote-allow-hosts" "localhost" "-no-remote" "-profile" "/tmp/rust_mozprofile5rcYBo"
1674724574335	geckodriver	INFO	Listening on 127.0.0.1:47507
1674724574339	geckodriver	INFO	Listening on 127.0.0.1:35185
1674724574423	mozrunner::runner	INFO	Running command: "/usr/bin/firefox" "--marionette" "--remote-debugging-port" "40895" "--remote-allow-hosts" "localhost" "-no-remote" "-profile" "/tmp/rust_mozprofileQb5ttP"
1674724574444	mozrunner::runner	INFO	Running command: "/usr/bin/firefox" "--marionette" "--remote-debugging-port" "39251" "--remote-allow-hosts" "localhost" "-no-remote" "-profile" "/tmp/rust_mozprofilekufvjm"
1674724574619	geckodriver	INFO	Listening on 127.0.0.1:37241
1674724574620	geckodriver	INFO	Listening on 127.0.0.1:49209
1674724574625	geckodriver	INFO	Listening on 127.0.0.1:34773
1674724574626	geckodriver	INFO	Listening on 127.0.0.1:37533
1674724574702	mozrunner::runner	INFO	Running command: "/usr/bin/firefox" "--marionette" "--remote-debugging-port" "52423" "--remote-allow-hosts" "localhost" "-no-remote" "-profile" "/tmp/rust_mozprofilewysN8o"
1674724574709	mozrunner::runner	INFO	Running command: "/usr/bin/firefox" "--marionette" "--remote-debugging-port" "35891" "--remote-allow-hosts" "localhost" "-no-remote" "-profile" "/tmp/rust_mozprofileb9NvD4"
1674724574716	mozrunner::runner	INFO	Running command: "/usr/bin/firefox" "--marionette" "--remote-debugging-port" "34919" "--remote-allow-hosts" "localhost" "-no-remote" "-profile" "/tmp/rust_mozprofilejWylXL"
1674724574725	mozrunner::runner	INFO	Running command: "/usr/bin/firefox" "--marionette" "--remote-debugging-port" "36919" "--remote-allow-hosts" "localhost" "-no-remote" "-profile" "/tmp/rust_mozprofile5qDXUQ"
1674724575173	mozrunner::runner	INFO	Running command: "/usr/bin/firefox" "--marionette" "--remote-debugging-port" "40055" "--remote-allow-hosts" "localhost" "-no-remote" "-profile" "/tmp/rust_mozprofiletR3GtD"
Crash Annotation GraphicsCriticalError: |[0][GFX1-]: glxtest: VA-API test failed: failed to initialise VAAPI connection. (t=1.64812) [GFX1-]: glxtest: VA-API test failed: failed to initialise VAAPI connection.
Crash Annotation GraphicsCriticalError: |[0][GFX1-]: glxtest: VA-API test failed: failed to initialise VAAPI connection. (t=0.711164) [GFX1-]: glxtest: VA-API test failed: failed to initialise VAAPI connection.
ATTENTION: default value of option mesa_glthread overridden by environment.
Crash Annotation GraphicsCriticalError: |[0][GFX1-]: glxtest: VA-API test failed: failed to initialise VAAPI connection. (t=1.19271) [GFX1-]: glxtest: VA-API test failed: failed to initialise VAAPI connection.
Crash Annotation GraphicsCriticalError: |[0][GFX1-]: glxtest: VA-API test failed: failed to initialise VAAPI connection. (t=1.49204) [GFX1-]: glxtest: VA-API test failed: failed to initialise VAAPI connection.
Crash Annotation GraphicsCriticalError: |[0][GFX1-]: glxtest: VA-API test failed: failed to initialise VAAPI connection. (t=1.70415) [GFX1-]: glxtest: VA-API test failed: failed to initialise VAAPI connection.
Crash Annotation GraphicsCriticalError: |[0][GFX1-]: glxtest: VA-API test failed: failed to initialise VAAPI connection. (t=1.72186) [GFX1-]: glxtest: VA-API test failed: failed to initialise VAAPI connection.
ATTENTION: default value of option mesa_glthread overridden by environment.
ATTENTION: default value of option mesa_glthread overridden by environment.
Crash Annotation GraphicsCriticalError: |[0][GFX1-]: glxtest: VA-API test failed: failed to initialise VAAPI connection. (t=1.7377) [GFX1-]: glxtest: VA-API test failed: failed to initialise VAAPI connection.
Crash Annotation GraphicsCriticalError: |[0][GFX1-]: glxtest: VA-API test failed: failed to initialise VAAPI connection. (t=1.24329) [GFX1-]: glxtest: VA-API test failed: failed to initialise VAAPI connection.
Crash Annotation GraphicsCriticalError: |[0][GFX1-]: glxtest: VA-API test failed: failed to initialise VAAPI connection. (t=1.50796) [GFX1-]: glxtest: VA-API test failed: failed to initialise VAAPI connection.
ATTENTION: default value of option mesa_glthread overridden by environment.
ATTENTION: default value of option mesa_glthread overridden by environment.
Crash Annotation GraphicsCriticalError: |[0][GFX1-]: glxtest: VA-API test failed: failed to initialise VAAPI connection. (t=1.75932) [GFX1-]: glxtest: VA-API test failed: failed to initialise VAAPI connection.
Crash Annotation GraphicsCriticalError: |[0][GFX1-]: glxtest: VA-API test failed: failed to initialise VAAPI connection. (t=1.75704) [GFX1-]: glxtest: VA-API test failed: failed to initialise VAAPI connection.
Crash Annotation GraphicsCriticalError: |[0][GFX1-]: glxtest: VA-API test failed: failed to initialise VAAPI connection. (t=1.24731) [GFX1-]: glxtest: VA-API test failed: failed to initialise VAAPI connection.
ATTENTION: default value of option mesa_glthread overridden by environment.
ATTENTION: default value of option mesa_glthread overridden by environment.
Crash Annotation GraphicsCriticalError: |[0][GFX1-]: glxtest: VA-API test failed: failed to initialise VAAPI connection. (t=1.78622) [GFX1-]: glxtest: VA-API test failed: failed to initialise VAAPI connection.
ATTENTION: default value of option mesa_glthread overridden by environment.
ATTENTION: default value of option mesa_glthread overridden by environment.
Crash Annotation GraphicsCriticalError: |[0][GFX1-]: glxtest: VA-API test failed: failed to initialise VAAPI connection. (t=1.74462) [GFX1-]: glxtest: VA-API test failed: failed to initialise VAAPI connection.
Crash Annotation GraphicsCriticalError: |[0][GFX1-]: glxtest: VA-API test failed: failed to initialise VAAPI connection. (t=1.79963) [GFX1-]: glxtest: VA-API test failed: failed to initialise VAAPI connection.
ATTENTION: default value of option mesa_glthread overridden by environment.
ATTENTION: default value of option mesa_glthread overridden by environment.
ATTENTION: default value of option mesa_glthread overridden by environment.
1674724576014	Marionette	INFO	Marionette enabled
1674724576018	Marionette	INFO	Marionette enabled
1674724576019	Marionette	INFO	Marionette enabled
1674724576020	Marionette	INFO	Marionette enabled
1674724576021	Marionette	INFO	Listening on port 46339
1674724576024	Marionette	INFO	Listening on port 43835
1674724576026	Marionette	INFO	Listening on port 45873
ATTENTION: default value of option mesa_glthread overridden by environment.
ATTENTION: default value of option mesa_glthread overridden by environment.
ATTENTION: default value of option mesa_glthread overridden by environment.
ATTENTION: default value of option mesa_glthread overridden by environment.
1674724576035	Marionette	INFO	Listening on port 40289
ATTENTION: default value of option mesa_glthread overridden by environment.
ATTENTION: default value of option mesa_glthread overridden by environment.
ATTENTION: default value of option mesa_glthread overridden by environment.
ATTENTION: default value of option mesa_glthread overridden by environment.
ATTENTION: default value of option mesa_glthread overridden by environment.
ATTENTION: default value of option mesa_glthread overridden by environment.
1674724576052	Marionette	INFO	Marionette enabled
Crash Annotation GraphicsCriticalError: |[0][GFX1-]: glxtest: VA-API test failed: failed to initialise VAAPI connection. (t=1.35002) [GFX1-]: glxtest: VA-API test failed: failed to initialise VAAPI connection.
ATTENTION: default value of option mesa_glthread overridden by environment.
1674724576059	Marionette	INFO	Listening on port 34255
1674724576068	Marionette	INFO	Marionette enabled
1674724576074	Marionette	INFO	Listening on port 37217
ATTENTION: default value of option mesa_glthread overridden by environment.
Read port: 45873
ATTENTION: default value of option mesa_glthread overridden by environment.
ATTENTION: default value of option mesa_glthread overridden by environment.
ATTENTION: default value of option mesa_glthread overridden by environment.
1674724576084	Marionette	INFO	Marionette enabled
1674724576088	Marionette	INFO	Marionette enabled
1674724576091	Marionette	INFO	Listening on port 39823
ATTENTION: default value of option mesa_glthread overridden by environment.
1674724576093	Marionette	INFO	Marionette enabled
1674724576095	Marionette	INFO	Listening on port 37489
1674724576100	Marionette	INFO	Listening on port 39827
1674724576103	Marionette	INFO	Marionette enabled
Read port: 46339
Read port: 43835
1674724576109	Marionette	INFO	Listening on port 34907
ATTENTION: default value of option mesa_glthread overridden by environment.
Read port: 39823
ATTENTION: default value of option mesa_glthread overridden by environment.
ATTENTION: default value of option mesa_glthread overridden by environment.
Read port: 37217
Read port: 40289
ATTENTION: default value of option mesa_glthread overridden by environment.
1674724576120	Marionette	INFO	Marionette enabled
ATTENTION: default value of option mesa_glthread overridden by environment.
1674724576120	Marionette	INFO	Marionette enabled
Read port: 37489
1674724576125	Marionette	INFO	Listening on port 36435
Read port: 34255
Read port: 39827
1674724576128	Marionette	INFO	Listening on port 39877
1674724576130	Marionette	INFO	Marionette enabled
1674724576136	Marionette	INFO	Listening on port 43787
ATTENTION: default value of option mesa_glthread overridden by environment.
1674724576138	Marionette	INFO	Marionette enabled
1674724576145	Marionette	INFO	Listening on port 35101
Read port: 43787
1674724576151	Marionette	INFO	Marionette enabled
ATTENTION: default value of option mesa_glthread overridden by environment.
1674724576158	Marionette	INFO	Listening on port 38133
ATTENTION: default value of option mesa_glthread overridden by environment.
Read port: 34907
ATTENTION: default value of option mesa_glthread overridden by environment.
ATTENTION: default value of option mesa_glthread overridden by environment.
1674724576170	Marionette	INFO	Marionette enabled
1674724576176	Marionette	INFO	Listening on port 33479
ATTENTION: default value of option mesa_glthread overridden by environment.
Read port: 33479
Read port: 39877
ATTENTION: default value of option mesa_glthread overridden by environment.
Read port: 38133
ATTENTION: default value of option mesa_glthread overridden by environment.
Read port: 36435
WebDriver BiDi listening on ws://127.0.0.1:47919
Read port: 35101
ATTENTION: default value of option mesa_glthread overridden by environment.
ATTENTION: default value of option mesa_glthread overridden by environment.
ATTENTION: default value of option mesa_glthread overridden by environment.
WebDriver BiDi listening on ws://127.0.0.1:40055
WebDriver BiDi listening on ws://127.0.0.1:42765
ATTENTION: default value of option mesa_glthread overridden by environment.
ATTENTION: default value of option mesa_glthread overridden by environment.
ATTENTION: default value of option mesa_glthread overridden by environment.
ATTENTION: default value of option mesa_glthread overridden by environment.
WebDriver BiDi listening on ws://127.0.0.1:34919
WebDriver BiDi listening on ws://127.0.0.1:35891
WebDriver BiDi listening on ws://127.0.0.1:40895
1674724576320	RemoteAgent	WARN	TLS certificate errors will be ignored for this session
1674724576325	RemoteAgent	WARN	TLS certificate errors will be ignored for this session
1674724576373	RemoteAgent	WARN	TLS certificate errors will be ignored for this session
1674724576383	RemoteAgent	WARN	TLS certificate errors will be ignored for this session
WebDriver BiDi listening on ws://127.0.0.1:58001
WebDriver BiDi listening on ws://127.0.0.1:36919
WebDriver BiDi listening on ws://127.0.0.1:59859
WebDriver BiDi listening on ws://127.0.0.1:47007
WebDriver BiDi listening on ws://127.0.0.1:47293
WebDriver BiDi listening on ws://127.0.0.1:48447
WebDriver BiDi listening on ws://127.0.0.1:39251
1674724576442	RemoteAgent	WARN	TLS certificate errors will be ignored for this session
1674724576447	RemoteAgent	WARN	TLS certificate errors will be ignored for this session
WebDriver BiDi listening on ws://127.0.0.1:45311
WebDriver BiDi listening on ws://127.0.0.1:52423
1674724576482	RemoteAgent	WARN	TLS certificate errors will be ignored for this session
1674724576495	RemoteAgent	WARN	TLS certificate errors will be ignored for this session
1674724576499	RemoteAgent	WARN	TLS certificate errors will be ignored for this session
WebDriver BiDi listening on ws://127.0.0.1:56803
1674724576513	RemoteAgent	WARN	TLS certificate errors will be ignored for this session
1674724576514	RemoteAgent	WARN	TLS certificate errors will be ignored for this session
1674724576531	RemoteAgent	WARN	TLS certificate errors will be ignored for this session
1674724576547	RemoteAgent	WARN	TLS certificate errors will be ignored for this session
1674724576548	RemoteAgent	WARN	TLS certificate errors will be ignored for this session
1674724576569	RemoteAgent	WARN	TLS certificate errors will be ignored for this session
1674724576570	RemoteAgent	WARN	TLS certificate errors will be ignored for this session
console.warn: SearchSettings: "get: No settings file exists, new profile?" (new NotFoundError("Could not open the file at /tmp/rust_mozprofileRWiDST/search.json.mozlz4", (void 0)))
console.warn: SearchSettings: "get: No settings file exists, new profile?" (new NotFoundError("Could not open the file at /tmp/rust_mozprofileS50OER/search.json.mozlz4", (void 0)))
console.warn: SearchSettings: "get: No settings file exists, new profile?" (new NotFoundError("Could not open the file at /tmp/rust_mozprofiletR3GtD/search.json.mozlz4", (void 0)))
console.warn: SearchSettings: "get: No settings file exists, new profile?" (new NotFoundError("Could not open the file at /tmp/rust_mozprofileQb5ttP/search.json.mozlz4", (void 0)))
console.warn: SearchSettings: "get: No settings file exists, new profile?" (new NotFoundError("Could not open the file at /tmp/rust_mozprofileb9NvD4/search.json.mozlz4", (void 0)))
console.warn: SearchSettings: "get: No settings file exists, new profile?" (new NotFoundError("Could not open the file at /tmp/rust_mozprofileyMl7Lw/search.json.mozlz4", (void 0)))
console.warn: SearchSettings: "get: No settings file exists, new profile?" (new NotFoundError("Could not open the file at /tmp/rust_mozprofile5rcYBo/search.json.mozlz4", (void 0)))
console.warn: SearchSettings: "get: No settings file exists, new profile?" (new NotFoundError("Could not open the file at /tmp/rust_mozprofilejWylXL/search.json.mozlz4", (void 0)))
console.warn: SearchSettings: "get: No settings file exists, new profile?" (new NotFoundError("Could not open the file at /tmp/rust_mozprofileqSv70H/search.json.mozlz4", (void 0)))
console.warn: SearchSettings: "get: No settings file exists, new profile?" (new NotFoundError("Could not open the file at /tmp/rust_mozprofilekufvjm/search.json.mozlz4", (void 0)))
console.warn: SearchSettings: "get: No settings file exists, new profile?" (new NotFoundError("Could not open the file at /tmp/rust_mozprofileVVj7nP/search.json.mozlz4", (void 0)))
console.warn: SearchSettings: "get: No settings file exists, new profile?" (new NotFoundError("Could not open the file at /tmp/rust_mozprofileTnPALQ/search.json.mozlz4", (void 0)))
console.warn: SearchSettings: "get: No settings file exists, new profile?" (new NotFoundError("Could not open the file at /tmp/rust_mozprofile5qDXUQ/search.json.mozlz4", (void 0)))
console.warn: SearchSettings: "get: No settings file exists, new profile?" (new NotFoundError("Could not open the file at /tmp/rust_mozprofileFrDQWL/search.json.mozlz4", (void 0)))
console.warn: SearchSettings: "get: No settings file exists, new profile?" (new NotFoundError("Could not open the file at /tmp/rust_mozprofilewysN8o/search.json.mozlz4", (void 0)))
console.warn: SearchSettings: "get: No settings file exists, new profile?" (new NotFoundError("Could not open the file at /tmp/rust_mozprofileFPgiOI/search.json.mozlz4", (void 0)))
DevTools listening on ws://127.0.0.1:34919/devtools/browser/b8c5cb5c-2453-4eba-a996-17905cd35fbc
DevTools listening on ws://127.0.0.1:35891/devtools/browser/84a19b6d-9942-4959-815f-ee36e4f632be
DevTools listening on ws://127.0.0.1:40055/devtools/browser/93c69f95-0af8-40fa-937c-f0f66a02d915
DevTools listening on ws://127.0.0.1:42765/devtools/browser/a039b2d0-55e9-4d6b-a19c-fab1895753e3
DevTools listening on ws://127.0.0.1:36919/devtools/browser/e98ac5f3-36b8-4827-944b-e881f2b5a2c7
DevTools listening on ws://127.0.0.1:47007/devtools/browser/741cbb0a-d1a3-4e53-bc9b-16de881835b0
DevTools listening on ws://127.0.0.1:47919/devtools/browser/2da374a9-9b43-4a5e-8595-e36654c706f9
DevTools listening on ws://127.0.0.1:58001/devtools/browser/525e5519-1dcb-499f-8abc-ec03c6b5d8a3
DevTools listening on ws://127.0.0.1:59859/devtools/browser/f07163d8-4017-4d0e-a2ad-6203efc807d7
DevTools listening on ws://127.0.0.1:39251/devtools/browser/f85f8d7c-c561-4623-8e74-2760fc2f418a
DevTools listening on ws://127.0.0.1:47293/devtools/browser/9f92df87-9dbe-4b46-b8a4-10d193650b02
DevTools listening on ws://127.0.0.1:40895/devtools/browser/48bf9760-b22e-43eb-a271-60aad2ff0938
DevTools listening on ws://127.0.0.1:45311/devtools/browser/61b77eb4-2770-40fb-a93a-5ae55ed02129
DevTools listening on ws://127.0.0.1:48447/devtools/browser/513a241e-6fde-4453-aa9e-f67fb2885488
DevTools listening on ws://127.0.0.1:56803/devtools/browser/f0adbbd1-174c-43cb-a1da-e8c30d25b24f
DevTools listening on ws://127.0.0.1:52423/devtools/browser/ba7f6b8e-9867-4f87-a344-c6c393db00eb
Exiting due to channel error.
Exiting due to channel error.
Exiting due to channel error.
Exiting due to channel error.
Exiting due to channel error.
Exiting due to channel error.
Exiting due to channel error.
Exiting due to channel error.
Exiting due to channel error.
Exiting due to channel error.
Exiting due to channel error.
Exiting due to channel error.
Exiting due to channel error.
Exiting due to channel error.
Exiting due to channel error.
Exiting due to channel error.
Exiting due to channel error.
Exiting due to channel error.
Exiting due to channel error.
Exiting due to channel error.
Exiting due to channel error.
Exiting due to channel error.
Exiting due to channel error.
Exiting due to channel error.
Exiting due to channel error.
Exiting due to channel error.
Exiting due to channel error.
Exiting due to channel error.
Exiting due to channel error.
Exiting due to channel error.
Exiting due to channel error.
Exiting due to channel error.
Exiting due to channel error.
Exiting due to channel error.
Exiting due to channel error.
Exiting due to channel error.
Exiting due to channel error.
Exiting due to channel error.
Exiting due to channel error.
Exiting due to channel error.
Exiting due to channel error.
Crash Annotation GraphicsCriticalError: |[C0][GFX1-]: Receive IPC close with reason=AbnormalShutdown (t=4.13575) Exiting due to channel error.
Exiting due to channel error.
Exiting due to channel error.
Exiting due to channel error.
Exiting due to channel error.
Exiting due to channel error.
Crash Annotation GraphicsCriticalError: |[C0][GFX1-]: Receive IPC close with reason=AbnormalShutdown (t=6.81408) Exiting due to channel error.
